<?xml version="1.0" encoding="UTF-8"?>
<!-- Generated by org.testng.reporters.JUnitXMLReporter -->
<testsuite ignored="67" hostname="sqe-IdeaPad-5-15ITL05" failures="1" tests="109" name="Test" time="189.541" errors="0" timestamp="2022-05-09T10:11:14 IST">
  <testcase classname="TestCases.Login" name="LoginAgency" time="9.374"/>
  <testcase classname="TestCases.CCP" name="PreRequisite" time="11.195">
    <failure type="org.openqa.selenium.WebDriverException" message="element click intercepted: Element &amp;lt;a class=&amp;quot;app-header__new&amp;quot; url=&amp;quot;/agencies/659
        /products/cases/create&amp;quot; label=&amp;quot;Code Enforcement Case&amp;quot;&amp;gt;&amp;lt;/a&amp;gt; is not clickable at point (1572, 40). Other element would receive the click: &amp;lt;div class=&amp;quot;modal-header&amp;quot;&amp;gt;...&amp;lt;/div&amp;gt;
  (Session info: chrome=99.0.4844.84)
Build info: version: &amp;apos;3.5.3&amp;apos;, revision: &amp;apos;a88d25fe6b&amp;apos;, time: &amp;apos;2017-08-29T12:42:44.417Z&amp;apos;
System info: host: &amp;apos;sqe-IdeaPad-5-15ITL05&amp;apos;, ip: &amp;apos;127.0.1.1&amp;apos;, os.name: &amp;apos;Linux&amp;apos;, os.arch: &amp;apos;amd64&amp;apos;, os.version: &amp;apos;5.13.0-40-generic&amp;apos;, java.version: &amp;apos;11.0.15&amp;apos;
Driver info: org.openqa.selenium.chrome.ChromeDriver
Capabilities [{networkConnectionEnabled=false, chrome={chromedriverVersion=99.0.4844.51 (d537ec02474b5afe23684e7963d538896c63ac77-refs/branch-heads/4844@{#875}), userDataDir=/tmp/.com.google.Chrome.OvL37X}, timeouts={implicit=0, pageLoad=300000, script=30000}, pageLoadStrategy=normal, unhandledPromptBehavior=dismiss and notify, strictFileInteractability=false, platform=LINUX, proxy=Proxy(), goog:chromeOptions={debuggerAddress=localhost:34575}, webauthn:extension:credBlob=true, acceptInsecureCerts=false, browserVersion=99.0.4844.84, browserName=chrome, javascriptEnabled=true, platformName=LINUX, setWindowRect=true, webauthn:extension:largeBlob=true, webauthn:virtualAuthenticators=true}]
Session ID: d0efc9a852ce5b3eccdbd74ceacdc801">
      <![CDATA[org.openqa.selenium.WebDriverException: element click intercepted: Element <a class="app-header__new" url="/agencies/659
        /products/cases/create" label="Code Enforcement Case"></a> is not clickable at point (1572, 40). Other element would receive the click: <div class="modal-header">...</div>
  (Session info: chrome=99.0.4844.84)
Build info: version: '3.5.3', revision: 'a88d25fe6b', time: '2017-08-29T12:42:44.417Z'
System info: host: 'sqe-IdeaPad-5-15ITL05', ip: '127.0.1.1', os.name: 'Linux', os.arch: 'amd64', os.version: '5.13.0-40-generic', java.version: '11.0.15'
Driver info: org.openqa.selenium.chrome.ChromeDriver
Capabilities [{networkConnectionEnabled=false, chrome={chromedriverVersion=99.0.4844.51 (d537ec02474b5afe23684e7963d538896c63ac77-refs/branch-heads/4844@{#875}), userDataDir=/tmp/.com.google.Chrome.OvL37X}, timeouts={implicit=0, pageLoad=300000, script=30000}, pageLoadStrategy=normal, unhandledPromptBehavior=dismiss and notify, strictFileInteractability=false, platform=LINUX, proxy=Proxy(), goog:chromeOptions={debuggerAddress=localhost:34575}, webauthn:extension:credBlob=true, acceptInsecureCerts=false, browserVersion=99.0.4844.84, browserName=chrome, javascriptEnabled=true, platformName=LINUX, setWindowRect=true, webauthn:extension:largeBlob=true, webauthn:virtualAuthenticators=true}]
Session ID: d0efc9a852ce5b3eccdbd74ceacdc801
at org.openqa.selenium.remote.http.W3CHttpResponseCodec.createException(W3CHttpResponseCodec.java:185)
at org.openqa.selenium.remote.http.W3CHttpResponseCodec.decode(W3CHttpResponseCodec.java:120)
at org.openqa.selenium.remote.http.W3CHttpResponseCodec.decode(W3CHttpResponseCodec.java:49)
at org.openqa.selenium.remote.HttpCommandExecutor.execute(HttpCommandExecutor.java:164)
at org.openqa.selenium.remote.service.DriverCommandExecutor.execute(DriverCommandExecutor.java:82)
at org.openqa.selenium.remote.RemoteWebDriver.execute(RemoteWebDriver.java:646)
at org.openqa.selenium.remote.RemoteWebElement.execute(RemoteWebElement.java:275)
at org.openqa.selenium.remote.RemoteWebElement.click(RemoteWebElement.java:82)
at CommonMethods.WebDriverWaits.ClickOnWE20(WebDriverWaits.java:52)
at TestCases.CCP.PreRequisite(CCP.java:156)
at java.base/java.util.ArrayList.forEach(ArrayList.java:1541)
... Removed 35 stack frames]]>
    </failure>
  </testcase> <!-- PreRequisite -->
  <testcase classname="TestCases.CCP" name="TC_CCP_01" time="2.214"/>
  <testcase classname="TestCases.CCP" name="TC_CCP_02" time="0.028"/>
  <testcase classname="TestCases.CCP" name="TC_CCP_03" time="4.296"/>
  <testcase classname="TestCases.CCP" name="TC_CCP_04" time="4.957"/>
  <testcase classname="TestCases.CCP" name="TC_CCP_06" time="3.215"/>
  <testcase classname="TestCases.CCP" name="TC_CCP_07" time="2.123"/>
  <testcase classname="TestCases.CCP" name="TC_CCP_08" time="0.282"/>
  <testcase classname="TestCases.CCP" name="TC_CCP_09" time="1.569"/>
  <testcase classname="TestCases.CCP" name="TC_CCP_10" time="2.562"/>
  <testcase classname="TestCases.CCP" name="TC_CCP_11" time="3.23"/>
  <testcase classname="TestCases.CCP" name="TC_CCP_12" time="1.296"/>
  <testcase classname="TestCases.CCP" name="TC_CCP_13" time="2.333"/>
  <testcase classname="TestCases.CCP" name="TC_CCP_14" time="2.144"/>
  <testcase classname="TestCases.CCP" name="TC_CCP_15" time="2.268"/>
  <testcase classname="TestCases.CCP" name="TC_CCP_16" time="0.166"/>
  <testcase classname="TestCases.CCP" name="TC_CCP_17" time="1.039"/>
  <testcase classname="TestCases.CCP" name="TC_CCP_18" time="0.092"/>
  <testcase classname="TestCases.CCP" name="TC_CCP_19" time="0.146"/>
  <testcase classname="TestCases.CCP" name="TC_CCP_20" time="0.115"/>
  <testcase classname="TestCases.CCP" name="TC_CCP_21" time="0.325"/>
  <testcase classname="TestCases.CCP" name="TC_CCP_22" time="0.291"/>
  <testcase classname="TestCases.CCP" name="TC_CCP_23" time="0.217"/>
  <testcase classname="TestCases.CCP" name="TC_CCP_24" time="0.224"/>
  <testcase classname="TestCases.CCP" name="TC_CCP_25" time="0.413"/>
  <testcase classname="TestCases.CCP" name="TC_CCP_26" time="2.589"/>
  <testcase classname="TestCases.CCP" name="TC_CCP_27" time="0.026"/>
  <testcase classname="TestCases.CCP" name="TC_CCP_28" time="0.16"/>
  <testcase classname="TestCases.CCP" name="TC_CCP_29" time="5.133"/>
  <testcase classname="TestCases.CCP" name="TC_CCP_30" time="6.5"/>
  <testcase classname="TestCases.CCP" name="TC_CCP_31" time="5.151"/>
  <testcase classname="TestCases.CCP" name="TC_CCP_32" time="1.196"/>
  <testcase classname="TestCases.CCP" name="TC_CCP_34" time="2.056"/>
  <testcase classname="TestCases.CCP" name="TC_CCP_35" time="4.178"/>
  <testcase classname="TestCases.CCP" name="TC_CCP_36" time="2.103"/>
  <testcase classname="TestCases.CCP" name="TC_CCP_37" time="2.905"/>
  <testcase classname="TestCases.CCP" name="TC_CCP_38" time="0.101"/>
  <testcase classname="TestCases.CCP" name="TC_CCP_39" time="2.117"/>
  <testcase classname="TestCases.CCP" name="TC_CCP_40" time="12.725"/>
  <testcase classname="TestCases.CCP" name="TC_CCP_42" time="1.824"/>
  <testcase classname="TestCases.CCP" name="TC_CCP_43" time="1.226"/>
  <testcase classname="TestCases.CCP" name="TC_CCP_44" time="1.039"/>
  <testcase classname="TestCases.CCP" name="TC_CCP_45" time="0.017"/>
  <testcase classname="TestCases.CCP" name="TC_CCP_46" time="0.161"/>
  <testcase classname="TestCases.CCP" name="TC_CCP_47" time="3.227"/>
  <testcase classname="TestCases.CCP" name="TC_CCP_48" time="2.125"/>
  <testcase classname="TestCases.CCP" name="TC_CCP_49" time="5.082"/>
  <testcase classname="TestCases.CCP" name="TC_CCP_50" time="3.089"/>
  <testcase classname="TestCases.CCP" name="TC_CCP_51" time="0.671"/>
  <testcase classname="TestCases.CCP" name="TC_CCP_52" time="5.58"/>
  <testcase classname="TestCases.CCP" name="TC_CCP_53" time="1.172"/>
  <testcase classname="TestCases.CCP" name="TC_CCP_54" time="0.481"/>
  <testcase classname="TestCases.CCP" name="TC_CCP_55" time="3.597"/>
  <testcase classname="TestCases.CCP" name="TC_CCP_56" time="2.042"/>
  <testcase classname="TestCases.CCP" name="TC_CCP_57" time="0.192"/>
  <testcase classname="TestCases.CCP" name="TC_CCP_58" time="0.025"/>
  <testcase classname="TestCases.CCP" name="TC_CCP_59" time="2.128"/>
  <testcase classname="TestCases.CCP" name="TC_CCP_60" time="0.026"/>
  <testcase classname="TestCases.CCP" name="TC_CCP_61" time="2.649"/>
  <testcase classname="TestCases.PerformInspection" name="PreRequisiteContacts" time="1.021"/>
  <testcase classname="TestCases.PerformInspection" name="TC_PIP_01" time="1.694"/>
  <testcase classname="TestCases.PerformInspection" name="TC_PIP_02" time="0.134"/>
  <testcase classname="TestCases.PerformInspection" name="TC_PIP_03" time="1.042"/>
  <testcase classname="TestCases.PerformInspection" name="TC_PIP_04" time="0.192"/>
  <testcase classname="TestCases.PerformInspection" name="TC_PIP_05" time="0.034"/>
  <testcase classname="TestCases.PerformInspection" name="TC_PIP_06" time="0.099"/>
  <testcase classname="TestCases.PerformInspection" name="TC_PIP_07" time="1.185"/>
  <testcase classname="TestCases.PerformInspection" name="TC_PIP_08" time="0.116"/>
  <testcase classname="TestCases.PerformInspection" name="TC_PIP_09" time="0.154"/>
  <testcase classname="TestCases.PerformInspection" name="TC_PIP_10" time="0.106"/>
  <testcase classname="TestCases.PerformInspection" name="TC_PIP_11" time="2.1"/>
  <testcase classname="TestCases.PerformInspection" name="TC_PIP_12" time="1.107"/>
  <testcase classname="TestCases.PerformInspection" name="TC_PIP_13" time="0.311"/>
  <testcase classname="TestCases.PerformInspection" name="TC_PIP_14" time="0.026"/>
  <testcase classname="TestCases.PerformInspection" name="TC_PIP_15" time="0.027"/>
  <testcase classname="TestCases.PerformInspection" name="TC_PIP_16" time="3.112"/>
  <testcase classname="TestCases.PerformInspection" name="TC_PIP_17" time="0.177"/>
  <testcase classname="TestCases.PerformInspection" name="TC_PIP_18" time="6.455"/>
  <testcase classname="TestCases.PerformInspection" name="TC_PIP_19" time="1.161"/>
  <testcase classname="TestCases.PerformInspection" name="TC_PIP_20" time="0.054"/>
  <testcase classname="TestCases.PerformInspection" name="TC_PIP_21" time="3.572"/>
  <testcase classname="TestCases.PerformInspection" name="TC_PIP_22" time="0.031"/>
  <testcase classname="TestCases.PerformInspection" name="TC_PIP_23" time="0.163"/>
  <testcase classname="TestCases.PerformInspection" name="TC_PIP_24" time="1.127"/>
  <testcase classname="TestCases.PerformInspection" name="TC_PIP_25" time="0.151"/>
  <testcase classname="TestCases.PerformInspection" name="TC_PIP_26" time="0.252"/>
  <testcase classname="TestCases.PerformInspection" name="TC_PIP_27" time="2.131"/>
  <testcase classname="TestCases.PerformInspection" name="TC_PIP_28" time="0.1"/>
  <testcase classname="TestCases.PerformInspection" name="TC_PIP_29" time="2.301"/>
  <testcase classname="TestCases.PerformInspection" name="TC_PIP_30" time="0.29"/>
  <testcase classname="TestCases.PerformInspection" name="TC_PIP_33" time="0.221"/>
  <testcase classname="TestCases.PerformInspection" name="TC_PIP_34" time="0.023"/>
  <testcase classname="TestCases.PerformInspection" name="TC_PIP_35" time="0.253"/>
  <testcase classname="TestCases.PerformInspection" name="TC_PIP_36" time="0.129"/>
  <testcase classname="TestCases.PerformInspection" name="TC_PIP_37" time="0.029"/>
  <testcase classname="TestCases.PerformInspection" name="TC_PIP_38" time="0.705"/>
  <testcase classname="TestCases.PerformInspection" name="TC_PIP_39" time="2.087"/>
  <testcase classname="TestCases.PerformInspection" name="TC_PIP_40" time="0.026"/>
  <testcase classname="TestCases.PerformInspection" name="TC_PIP_41" time="0.651"/>
  <testcase classname="TestCases.PerformInspection" name="TC_PIP_42" time="2.104"/>
  <testcase classname="TestCases.PerformInspection" name="TC_PIP_43" time="1.175"/>
  <testcase classname="TestCases.PerformInspection" name="TC_PIP_44" time="3.096"/>
  <testcase classname="TestCases.PerformInspection" name="TC_PIP_45" time="4.375"/>
  <testcase classname="TestCases.PerformInspection" name="TC_PIP_46" time="0.023"/>
  <testcase classname="TestCases.PerformInspection" name="TC_PIP_47" time="0.101"/>
  <testcase classname="TestCases.PerformInspection" name="TC_PIP_48" time="0.14"/>
  <testcase classname="TestCases.PerformInspection" name="TC_PIP_49" time="2.081"/>
  <testcase classname="TestCases.PerformInspection" name="TC_PIP_50" time="2.187"/>
  <testcase classname="BrowsersBase.BrowsersInvoked" name="@BeforeSuite SetProp" time="0.0">
    <ignored/>
  </testcase> <!-- @BeforeSuite SetProp -->
  <testcase classname="TestCases.CCP" name="TC_CCP_51" time="0.0">
    <ignored/>
  </testcase> <!-- TC_CCP_51 -->
  <testcase classname="TestCases.CCP" name="TC_CCP_43" time="0.0">
    <ignored/>
  </testcase> <!-- TC_CCP_43 -->
  <testcase classname="TestCases.CCP" name="TC_CCP_11" time="0.0">
    <ignored/>
  </testcase> <!-- TC_CCP_11 -->
  <testcase classname="TestCases.CCP" name="TC_CCP_55" time="0.0">
    <ignored/>
  </testcase> <!-- TC_CCP_55 -->
  <testcase classname="TestCases.CCP" name="TC_CCP_31" time="0.0">
    <ignored/>
  </testcase> <!-- TC_CCP_31 -->
  <testcase classname="ExtentReport.ExtentReportClass" name="@BeforeSuite setExtent" time="0.0">
    <ignored/>
  </testcase> <!-- @BeforeSuite setExtent -->
  <testcase classname="ExtentReport.ExtentReportClass" name="@BeforeSuite setExtent" time="0.0">
    <ignored/>
  </testcase> <!-- @BeforeSuite setExtent -->
  <testcase classname="TestCases.CCP" name="TC_CCP_03" time="0.0">
    <ignored/>
  </testcase> <!-- TC_CCP_03 -->
  <testcase classname="TestCases.CCP" name="TC_CCP_47" time="0.0">
    <ignored/>
  </testcase> <!-- TC_CCP_47 -->
  <testcase classname="TestCases.CCP" name="TC_CCP_15" time="0.0">
    <ignored/>
  </testcase> <!-- TC_CCP_15 -->
  <testcase classname="TestCases.CCP" name="TC_CCP_59" time="0.0">
    <ignored/>
  </testcase> <!-- TC_CCP_59 -->
  <testcase classname="TestCases.CCP" name="TC_CCP_23" time="0.0">
    <ignored/>
  </testcase> <!-- TC_CCP_23 -->
  <testcase classname="TestCases.CCP" name="TC_CCP_35" time="0.0">
    <ignored/>
  </testcase> <!-- TC_CCP_35 -->
  <testcase classname="TestCases.CCP" name="TC_CCP_07" time="0.0">
    <ignored/>
  </testcase> <!-- TC_CCP_07 -->
  <testcase classname="TestCases.CCP" name="TC_CCP_19" time="0.0">
    <ignored/>
  </testcase> <!-- TC_CCP_19 -->
  <testcase classname="TestCases.CCP" name="TC_CCP_27" time="0.0">
    <ignored/>
  </testcase> <!-- TC_CCP_27 -->
  <testcase classname="TestCases.CCP" name="TC_CCP_39" time="0.0">
    <ignored/>
  </testcase> <!-- TC_CCP_39 -->
  <testcase classname="TestCases.CCP" name="TC_CCP_40" time="0.0">
    <ignored/>
  </testcase> <!-- TC_CCP_40 -->
  <testcase classname="TestCases.CCP" name="TC_CCP_60" time="0.0">
    <ignored/>
  </testcase> <!-- TC_CCP_60 -->
  <testcase classname="TestCases.CCP" name="TC_CCP_32" time="0.0">
    <ignored/>
  </testcase> <!-- TC_CCP_32 -->
  <testcase classname="TestCases.CCP" name="TC_CCP_44" time="0.0">
    <ignored/>
  </testcase> <!-- TC_CCP_44 -->
  <testcase classname="TestCases.CCP" name="TC_CCP_52" time="0.0">
    <ignored/>
  </testcase> <!-- TC_CCP_52 -->
  <testcase classname="TestCases.CCP" name="TC_CCP_20" time="0.0">
    <ignored/>
  </testcase> <!-- TC_CCP_20 -->
  <testcase classname="TestCases.CCP" name="TC_CCP_36" time="0.0">
    <ignored/>
  </testcase> <!-- TC_CCP_36 -->
  <testcase classname="TestCases.CCP" name="TC_CCP_04" time="0.0">
    <ignored/>
  </testcase> <!-- TC_CCP_04 -->
  <testcase classname="TestCases.CCP" name="TC_CCP_48" time="0.0">
    <ignored/>
  </testcase> <!-- TC_CCP_48 -->
  <testcase classname="TestCases.CCP" name="TC_CCP_12" time="0.0">
    <ignored/>
  </testcase> <!-- TC_CCP_12 -->
  <testcase classname="TestCases.CCP" name="TC_CCP_56" time="0.0">
    <ignored/>
  </testcase> <!-- TC_CCP_56 -->
  <testcase classname="TestCases.CCP" name="TC_CCP_24" time="0.0">
    <ignored/>
  </testcase> <!-- TC_CCP_24 -->
  <testcase classname="BrowsersBase.BrowsersInvoked" name="@BeforeSuite SetProp" time="0.0">
    <ignored/>
  </testcase> <!-- @BeforeSuite SetProp -->
  <testcase classname="TestCases.CCP" name="TC_CCP_08" time="0.0">
    <ignored/>
  </testcase> <!-- TC_CCP_08 -->
  <testcase classname="TestCases.CCP" name="TC_CCP_16" time="0.0">
    <ignored/>
  </testcase> <!-- TC_CCP_16 -->
  <testcase classname="TestCases.CCP" name="TC_CCP_28" time="0.0">
    <ignored/>
  </testcase> <!-- TC_CCP_28 -->
  <testcase classname="TestCases.CCP" name="TC_CCP_61" time="0.0">
    <ignored/>
  </testcase> <!-- TC_CCP_61 -->
  <testcase classname="ExtentReport.ExtentReportClass" name="@AfterSuite endReport" time="0.0">
    <ignored/>
  </testcase> <!-- @AfterSuite endReport -->
  <testcase classname="TestCases.CCP" name="TC_CCP_21" time="0.0">
    <ignored/>
  </testcase> <!-- TC_CCP_21 -->
  <testcase classname="TestCases.CCP" name="TC_CCP_53" time="0.0">
    <ignored/>
  </testcase> <!-- TC_CCP_53 -->
  <testcase classname="TestCases.CCP" name="TC_CCP_09" time="0.0">
    <ignored/>
  </testcase> <!-- TC_CCP_09 -->
  <testcase classname="ExtentReport.ExtentReportClass" name="@AfterSuite endReport" time="0.0">
    <ignored/>
  </testcase> <!-- @AfterSuite endReport -->
  <testcase classname="BrowsersBase.BrowsersInvoked" name="@AfterSuite toClose" time="0.0">
    <ignored/>
  </testcase> <!-- @AfterSuite toClose -->
  <testcase classname="TestCases.CCP" name="TC_CCP_25" time="0.0">
    <ignored/>
  </testcase> <!-- TC_CCP_25 -->
  <testcase classname="BrowsersBase.BrowsersInvoked" name="@AfterSuite toClose" time="0.0">
    <ignored/>
  </testcase> <!-- @AfterSuite toClose -->
  <testcase classname="TestCases.CCP" name="TC_CCP_37" time="0.0">
    <ignored/>
  </testcase> <!-- TC_CCP_37 -->
  <testcase classname="TestCases.CCP" name="TC_CCP_01" time="0.0">
    <ignored/>
  </testcase> <!-- TC_CCP_01 -->
  <testcase classname="TestCases.CCP" name="TC_CCP_45" time="0.0">
    <ignored/>
  </testcase> <!-- TC_CCP_45 -->
  <testcase classname="TestCases.CCP" name="TC_CCP_13" time="0.0">
    <ignored/>
  </testcase> <!-- TC_CCP_13 -->
  <testcase classname="TestCases.CCP" name="TC_CCP_57" time="0.0">
    <ignored/>
  </testcase> <!-- TC_CCP_57 -->
  <testcase classname="TestCases.CCP" name="TC_CCP_29" time="0.0">
    <ignored/>
  </testcase> <!-- TC_CCP_29 -->
  <testcase classname="TestCases.CCP" name="TC_CCP_49" time="0.0">
    <ignored/>
  </testcase> <!-- TC_CCP_49 -->
  <testcase classname="TestCases.CCP" name="TC_CCP_17" time="0.0">
    <ignored/>
  </testcase> <!-- TC_CCP_17 -->
  <testcase classname="TestCases.CCP" name="TC_CCP_50" time="0.0">
    <ignored/>
  </testcase> <!-- TC_CCP_50 -->
  <testcase classname="TestCases.CCP" name="TC_CCP_10" time="0.0">
    <ignored/>
  </testcase> <!-- TC_CCP_10 -->
  <testcase classname="TestCases.CCP" name="TC_CCP_54" time="0.0">
    <ignored/>
  </testcase> <!-- TC_CCP_54 -->
  <testcase classname="TestCases.CCP" name="PreRequisite" time="0.0">
    <ignored/>
  </testcase> <!-- PreRequisite -->
  <testcase classname="TestCases.CCP" name="TC_CCP_22" time="0.0">
    <ignored/>
  </testcase> <!-- TC_CCP_22 -->
  <testcase classname="TestCases.CCP" name="TC_CCP_30" time="0.0">
    <ignored/>
  </testcase> <!-- TC_CCP_30 -->
  <testcase classname="TestCases.CCP" name="TC_CCP_42" time="0.0">
    <ignored/>
  </testcase> <!-- TC_CCP_42 -->
  <testcase classname="TestCases.CCP" name="TC_CCP_14" time="0.0">
    <ignored/>
  </testcase> <!-- TC_CCP_14 -->
  <testcase classname="TestCases.CCP" name="TC_CCP_58" time="0.0">
    <ignored/>
  </testcase> <!-- TC_CCP_58 -->
  <testcase classname="TestCases.CCP" name="TC_CCP_26" time="0.0">
    <ignored/>
  </testcase> <!-- TC_CCP_26 -->
  <testcase classname="TestCases.CCP" name="TC_CCP_34" time="0.0">
    <ignored/>
  </testcase> <!-- TC_CCP_34 -->
  <testcase classname="TestCases.CCP" name="TC_CCP_02" time="0.0">
    <ignored/>
  </testcase> <!-- TC_CCP_02 -->
  <testcase classname="TestCases.CCP" name="TC_CCP_46" time="0.0">
    <ignored/>
  </testcase> <!-- TC_CCP_46 -->
  <testcase classname="TestCases.CCP" name="TC_CCP_18" time="0.0">
    <ignored/>
  </testcase> <!-- TC_CCP_18 -->
  <testcase classname="TestCases.CCP" name="TC_CCP_38" time="0.0">
    <ignored/>
  </testcase> <!-- TC_CCP_38 -->
  <testcase classname="TestCases.CCP" name="TC_CCP_06" time="0.0">
    <ignored/>
  </testcase> <!-- TC_CCP_06 -->
</testsuite> <!-- Test -->
