<?xml version="1.0" encoding="UTF-8"?>
<!-- Generated by org.testng.reporters.JUnitXMLReporter -->
<testsuite ignored="11" hostname="DESKTOP-ABJFIHD" failures="2" tests="3" name="Test" time="140.134" errors="0" timestamp="2023-02-27T10:24:00 IST">
  <testcase classname="TestCasesCRM.Login" name="LoginAgencyStage" time="17.863"/>
  <testcase classname="TestCasesCRM.SMSAndEmailVerification" name="ComposeMessage" time="101.509">
    <failure type="org.openqa.selenium.TimeoutException" message="Expected condition failed: waiting for visibility of element located by By.xpath: //h2[@class=&amp;apos;private-submission-details__number&amp;apos;] (tried for 10 second(s) with 500 milliseconds interval)
Build info: version: &amp;apos;4.0.0&amp;apos;, revision: &amp;apos;3a21814679&amp;apos;
System info: host: &amp;apos;DESKTOP-ABJFIHD&amp;apos;, ip: &amp;apos;192.168.1.9&amp;apos;, os.name: &amp;apos;Windows 11&amp;apos;, os.arch: &amp;apos;amd64&amp;apos;, os.version: &amp;apos;10.0&amp;apos;, java.version: &amp;apos;17.0.5&amp;apos;
Driver info: org.openqa.selenium.chrome.ChromeDriver
Capabilities {acceptInsecureCerts: false, browserName: chrome, browserVersion: 110.0.5481.105, chrome: {chromedriverVersion: 110.0.5481.77 (65ed616c6e8e..., userDataDir: C:\Users\lenovo\AppData\Loc...}, goog:chromeOptions: {debuggerAddress: localhost:57984}, javascriptEnabled: true, networkConnectionEnabled: false, pageLoadStrategy: normal, platform: WINDOWS, platformName: WINDOWS, proxy: Proxy(), se:cdp: ws://localhost:57984/devtoo..., se:cdpVersion: 110.0.5481.105, setWindowRect: true, strictFileInteractability: false, timeouts: {implicit: 0, pageLoad: 300000, script: 30000}, unhandledPromptBehavior: dismiss and notify, webauthn:extension:credBlob: true, webauthn:extension:largeBlob: true, webauthn:virtualAuthenticators: true}
Session ID: e94685e886c1fb44c0bd6311cfff850c">
      <![CDATA[org.openqa.selenium.TimeoutException: Expected condition failed: waiting for visibility of element located by By.xpath: //h2[@class='private-submission-details__number'] (tried for 10 second(s) with 500 milliseconds interval)
Build info: version: '4.0.0', revision: '3a21814679'
System info: host: 'DESKTOP-ABJFIHD', ip: '192.168.1.9', os.name: 'Windows 11', os.arch: 'amd64', os.version: '10.0', java.version: '17.0.5'
Driver info: org.openqa.selenium.chrome.ChromeDriver
Capabilities {acceptInsecureCerts: false, browserName: chrome, browserVersion: 110.0.5481.105, chrome: {chromedriverVersion: 110.0.5481.77 (65ed616c6e8e..., userDataDir: C:\Users\lenovo\AppData\Loc...}, goog:chromeOptions: {debuggerAddress: localhost:57984}, javascriptEnabled: true, networkConnectionEnabled: false, pageLoadStrategy: normal, platform: WINDOWS, platformName: WINDOWS, proxy: Proxy(), se:cdp: ws://localhost:57984/devtoo..., se:cdpVersion: 110.0.5481.105, setWindowRect: true, strictFileInteractability: false, timeouts: {implicit: 0, pageLoad: 300000, script: 30000}, unhandledPromptBehavior: dismiss and notify, webauthn:extension:credBlob: true, webauthn:extension:largeBlob: true, webauthn:virtualAuthenticators: true}
Session ID: e94685e886c1fb44c0bd6311cfff850c
at org.openqa.selenium.support.ui.WebDriverWait.timeoutException(WebDriverWait.java:138)
at org.openqa.selenium.support.ui.FluentWait.until(FluentWait.java:231)
at CommonMethods.WebDriverWaits.GetText(WebDriverWaits.java:87)
at POMCRM.SMSAndEmailVerificationUtils.ComposeMessage(SMSAndEmailVerificationUtils.java:73)
at TestCasesCRM.SMSAndEmailVerification.ComposeMessage(SMSAndEmailVerification.java:17)
at java.base/java.util.ArrayList.forEach(ArrayList.java:1511)
... Removed 27 stack frames]]>
    </failure>
  </testcase> <!-- ComposeMessage -->
  <testcase classname="TestCasesCRM.SMSAndEmailVerification" name="ComposeMail" time="20.31">
    <failure type="java.lang.AssertionError" message="The following asserts failed:
	expected [true] but found [false]">
      <![CDATA[java.lang.AssertionError: The following asserts failed:
expected [true] but found [false]
at POMCRM.ComposeMail.ComposeMessage(ComposeMail.java:46)
at TestCasesCRM.SMSAndEmailVerification.ComposeMail(SMSAndEmailVerification.java:23)
at java.base/java.util.ArrayList.forEach(ArrayList.java:1511)
... Removed 29 stack frames]]>
    </failure>
  </testcase> <!-- ComposeMail -->
  <testcase classname="TestCasesCRM.Login" name="LoginAdmin" time="0.0">
    <ignored/>
  </testcase> <!-- LoginAdmin -->
  <testcase classname="TestCasesCRM.Login" name="LoginAgency" time="0.0">
    <ignored/>
  </testcase> <!-- LoginAgency -->
  <testcase classname="TestCasesCRM.SMSAndEmailVerification" name="VerifyMailReceivedByAssignee" time="0.0">
    <ignored/>
  </testcase> <!-- VerifyMailReceivedByAssignee -->
  <testcase classname="ExtentReport.ExtentReportClass" name="@AfterSuite endReport" time="0.0">
    <ignored/>
  </testcase> <!-- @AfterSuite endReport -->
  <testcase classname="ExtentReport.ExtentReportClass" name="@BeforeSuite setExtent" time="0.0">
    <ignored/>
  </testcase> <!-- @BeforeSuite setExtent -->
  <testcase classname="TestCasesCRM.Login" name="LoginAgencyCI" time="0.0">
    <ignored/>
  </testcase> <!-- LoginAgencyCI -->
  <testcase classname="POMCRM.SubmissionAssignmentUtils" name="SubmissionAssignment_EditAddedRule" time="0.0">
    <ignored/>
  </testcase> <!-- SubmissionAssignment_EditAddedRule -->
  <testcase classname="BrowsersBase.BrowsersInvoked" name="@BeforeSuite SetProp" time="0.0">
    <ignored/>
  </testcase> <!-- @BeforeSuite SetProp -->
  <testcase classname="BrowsersBase.BrowsersInvoked" name="@BeforeTest RunEnvironmentSetup" time="0.0">
    <ignored/>
  </testcase> <!-- @BeforeTest RunEnvironmentSetup -->
  <testcase classname="TestCasesCRM.SMSAndEmailVerification" name="VerifyMailReceivedByCollaborator" time="0.0">
    <ignored/>
  </testcase> <!-- VerifyMailReceivedByCollaborator -->
  <testcase classname="POMCRM.SubmissionAssignmentUtils" name="SubmissionAssignment_VerifyAddedRule" time="0.0">
    <ignored/>
  </testcase> <!-- SubmissionAssignment_VerifyAddedRule -->
</testsuite> <!-- Test -->
