<?xml version="1.0" encoding="UTF-8"?>
<!-- Generated by org.testng.reporters.JUnitReportReporter -->
<testsuite hostname="DESKTOP-ABJFIHD" failures="0" tests="19" name="TestCasesCRM.CSLP" time="293.006" errors="1" timestamp="2023-03-07T13:25:10 IST" skipped="0">
  <testcase classname="TestCasesCRM.CSLP" name="CSLP_VerifyCSLPOpensUP" time="11.278"/>
  <system-out/>
  <testcase classname="TestCasesCRM.CSLP" name="CSLP_VerifyPrimaryFilters" time="10.036">
    <error message="Expected condition failed: waiting for visibility of element located by By.xpath: //label[text()=&#039;Status&#039;] (tried for 10 second(s) with 500 milliseconds interval)
Build info: version: &#039;4.0.0&#039;, revision: &#039;3a21814679&#039;
System info: host: &#039;DESKTOP-ABJFIHD&#039;, ip: &#039;192.168.1.9&#039;, os.name: &#039;Windows 11&#039;, os.arch: &#039;amd64&#039;, os.version: &#039;10.0&#039;, java.version: &#039;17.0.5&#039;
Driver info: org.openqa.selenium.chrome.ChromeDriver
Capabilities {acceptInsecureCerts: false, browserName: chrome, browserVersion: 110.0.5481.178, chrome: {chromedriverVersion: 110.0.5481.77 (65ed616c6e8e..., userDataDir: C:\Users\lenovo\AppData\Loc...}, goog:chromeOptions: {debuggerAddress: localhost:58734}, javascriptEnabled: true, networkConnectionEnabled: false, pageLoadStrategy: normal, platform: WINDOWS, platformName: WINDOWS, proxy: Proxy(), se:cdp: ws://localhost:58734/devtoo..., se:cdpVersion: 110.0.5481.178, setWindowRect: true, strictFileInteractability: false, timeouts: {implicit: 0, pageLoad: 300000, script: 30000}, unhandledPromptBehavior: dismiss and notify, webauthn:extension:credBlob: true, webauthn:extension:largeBlob: true, webauthn:virtualAuthenticators: true}
Session ID: f19513d429bd4e49ecd0a6cc131089f3" type="org.openqa.selenium.TimeoutException">
      <![CDATA[org.openqa.selenium.TimeoutException: Expected condition failed: waiting for visibility of element located by By.xpath: //label[text()='Status'] (tried for 10 second(s) with 500 milliseconds interval)
Build info: version: '4.0.0', revision: '3a21814679'
System info: host: 'DESKTOP-ABJFIHD', ip: '192.168.1.9', os.name: 'Windows 11', os.arch: 'amd64', os.version: '10.0', java.version: '17.0.5'
Driver info: org.openqa.selenium.chrome.ChromeDriver
Capabilities {acceptInsecureCerts: false, browserName: chrome, browserVersion: 110.0.5481.178, chrome: {chromedriverVersion: 110.0.5481.77 (65ed616c6e8e..., userDataDir: C:\Users\lenovo\AppData\Loc...}, goog:chromeOptions: {debuggerAddress: localhost:58734}, javascriptEnabled: true, networkConnectionEnabled: false, pageLoadStrategy: normal, platform: WINDOWS, platformName: WINDOWS, proxy: Proxy(), se:cdp: ws://localhost:58734/devtoo..., se:cdpVersion: 110.0.5481.178, setWindowRect: true, strictFileInteractability: false, timeouts: {implicit: 0, pageLoad: 300000, script: 30000}, unhandledPromptBehavior: dismiss and notify, webauthn:extension:credBlob: true, webauthn:extension:largeBlob: true, webauthn:virtualAuthenticators: true}
Session ID: f19513d429bd4e49ecd0a6cc131089f3
at org.openqa.selenium.support.ui.WebDriverWait.timeoutException(WebDriverWait.java:138)
at org.openqa.selenium.support.ui.FluentWait.until(FluentWait.java:231)
at CommonMethods.WebDriverWaits.WaitUntilVisibleWE(WebDriverWaits.java:47)
at POMCRM.CSLPUtils.CSLP_VerifyPrimaryFilters(CSLPUtils.java:147)
at TestCasesCRM.CSLP.CSLP_VerifyPrimaryFilters(CSLP.java:26)
at java.base/jdk.internal.reflect.NativeMethodAccessorImpl.invoke0(Native Method)
at java.base/jdk.internal.reflect.NativeMethodAccessorImpl.invoke(NativeMethodAccessorImpl.java:77)
at java.base/jdk.internal.reflect.DelegatingMethodAccessorImpl.invoke(DelegatingMethodAccessorImpl.java:43)
at java.base/java.lang.reflect.Method.invoke(Method.java:568)
at org.testng.internal.invokers.MethodInvocationHelper.invokeMethod(MethodInvocationHelper.java:135)
at org.testng.internal.invokers.TestInvoker.invokeMethod(TestInvoker.java:673)
at org.testng.internal.invokers.TestInvoker.invokeTestMethod(TestInvoker.java:220)
at org.testng.internal.invokers.MethodRunner.runInSequence(MethodRunner.java:50)
at org.testng.internal.invokers.TestInvoker$MethodInvocationAgent.invoke(TestInvoker.java:945)
at org.testng.internal.invokers.TestInvoker.invokeTestMethods(TestInvoker.java:193)
at org.testng.internal.invokers.TestMethodWorker.invokeTestMethods(TestMethodWorker.java:146)
at org.testng.internal.invokers.TestMethodWorker.run(TestMethodWorker.java:128)
at java.base/java.util.ArrayList.forEach(ArrayList.java:1511)
at org.testng.TestRunner.privateRun(TestRunner.java:808)
at org.testng.TestRunner.run(TestRunner.java:603)
at org.testng.SuiteRunner.runTest(SuiteRunner.java:429)
at org.testng.SuiteRunner.runSequentially(SuiteRunner.java:423)
at org.testng.SuiteRunner.privateRun(SuiteRunner.java:383)
at org.testng.SuiteRunner.run(SuiteRunner.java:326)
at org.testng.SuiteRunnerWorker.runSuite(SuiteRunnerWorker.java:52)
at org.testng.SuiteRunnerWorker.run(SuiteRunnerWorker.java:95)
at org.testng.TestNG.runSuitesSequentially(TestNG.java:1249)
at org.testng.TestNG.runSuitesLocally(TestNG.java:1169)
at org.testng.TestNG.runSuites(TestNG.java:1092)
at org.testng.TestNG.run(TestNG.java:1060)
at org.testng.remote.AbstractRemoteTestNG.run(AbstractRemoteTestNG.java:115)
at org.testng.remote.RemoteTestNG.initAndRun(RemoteTestNG.java:251)
at org.testng.remote.RemoteTestNG.main(RemoteTestNG.java:77)
]]>
    </error>
  </testcase> <!-- CSLP_VerifyPrimaryFilters -->
  <system-out/>
  <testcase classname="TestCasesCRM.CSLP" name="CSLP_VerifyTagFilter" time="9.766"/>
  <system-out/>
  <testcase classname="TestCasesCRM.CSLP" name="CSLP_VerifyNavigationFromPagination" time="7.321"/>
  <system-out/>
  <testcase classname="TestCasesCRM.CSLP" name="CSLP_VerifyDescendingOrderOfSubmissions" time="1.298"/>
  <system-out/>
  <testcase classname="TestCasesCRM.CSLP" name="CSLP_VerifyAscendingOrderOfCases" time="10.553"/>
  <system-out/>
  <testcase classname="TestCasesCRM.CSLP" name="CSLP_VerifyDeletedSubmission" time="24.380"/>
  <system-out/>
  <testcase classname="TestCasesCRM.CSLP" name="CSLP_VerifyClearAllFiltersLinkText" time="11.221"/>
  <system-out/>
  <testcase classname="TestCasesCRM.CSLP" name="CSLP_VerifyClearAllFiltersAfterClicking" time="12.351"/>
  <system-out/>
  <testcase classname="TestCasesCRM.CSLP" name="CSLP_VerifyApplicationOfsecondaryFilters" time="15.975"/>
  <system-out/>
  <testcase classname="TestCasesCRM.CSLP" name="CSLP_VerifyFilterGetsRemoved" time="9.218"/>
  <system-out/>
  <testcase classname="TestCasesCRM.CSLP" name="CSLP_VerifyFilterAndSearch" time="30.804"/>
  <system-out/>
  <testcase classname="TestCasesCRM.CSLP" name="CSLP_VerifyRemovalOfColumns" time="24.495"/>
  <system-out/>
  <testcase classname="TestCasesCRM.CSLP" name="CSLP_VerifyRestorationOfColumns" time="17.558"/>
  <system-out/>
  <testcase classname="TestCasesCRM.CSLP" name="CSLP_VerifySavedFilter" time="23.929"/>
  <system-out/>
  <testcase classname="TestCasesCRM.CSLP" name="CSLP_VerifyDeletedFilter" time="10.503"/>
  <system-out/>
  <testcase classname="TestCasesCRM.CSLP" name="CSLP_VerifyCSVFile" time="20.326"/>
  <system-out/>
  <testcase classname="TestCasesCRM.CSLP" name="CSLP_VerifyDirectionToRespectiveSubmission" time="21.637"/>
  <system-out/>
  <testcase classname="TestCasesCRM.CSLP" name="CSLP_VerifySubmissionsForMineButton" time="20.357"/>
  <system-out/>
</testsuite> <!-- TestCasesCRM.CSLP -->
