<?xml version="1.0" encoding="UTF-8"?>
<!-- Generated by org.testng.reporters.JUnitReportReporter -->
<testsuite hostname="sqe-IdeaPad-5-15ITL05" failures="0" tests="59" name="TestCases.CCP" time="130.222" errors="1" timestamp="2022-05-09T10:11:14 IST" skipped="0">
  <testcase classname="TestCases.CCP" name="PreRequisite" time="11.195">
    <error message="element click intercepted: Element &lt;a class=&quot;app-header__new&quot; url=&quot;/agencies/659
        /products/cases/create&quot; label=&quot;Code Enforcement Case&quot;&gt;&lt;/a&gt; is not clickable at point (1572, 40). Other element would receive the click: &lt;div class=&quot;modal-header&quot;&gt;...&lt;/div&gt;
  (Session info: chrome=99.0.4844.84)
Build info: version: &#039;3.5.3&#039;, revision: &#039;a88d25fe6b&#039;, time: &#039;2017-08-29T12:42:44.417Z&#039;
System info: host: &#039;sqe-IdeaPad-5-15ITL05&#039;, ip: &#039;127.0.1.1&#039;, os.name: &#039;Linux&#039;, os.arch: &#039;amd64&#039;, os.version: &#039;5.13.0-40-generic&#039;, java.version: &#039;11.0.15&#039;
Driver info: org.openqa.selenium.chrome.ChromeDriver
Capabilities [{networkConnectionEnabled=false, chrome={chromedriverVersion=99.0.4844.51 (d537ec02474b5afe23684e7963d538896c63ac77-refs/branch-heads/4844@{#875}), userDataDir=/tmp/.com.google.Chrome.OvL37X}, timeouts={implicit=0, pageLoad=300000, script=30000}, pageLoadStrategy=normal, unhandledPromptBehavior=dismiss and notify, strictFileInteractability=false, platform=LINUX, proxy=Proxy(), goog:chromeOptions={debuggerAddress=localhost:34575}, webauthn:extension:credBlob=true, acceptInsecureCerts=false, browserVersion=99.0.4844.84, browserName=chrome, javascriptEnabled=true, platformName=LINUX, setWindowRect=true, webauthn:extension:largeBlob=true, webauthn:virtualAuthenticators=true}]
Session ID: d0efc9a852ce5b3eccdbd74ceacdc801" type="org.openqa.selenium.WebDriverException">
      <![CDATA[org.openqa.selenium.WebDriverException: element click intercepted: Element <a class="app-header__new" url="/agencies/659
        /products/cases/create" label="Code Enforcement Case"></a> is not clickable at point (1572, 40). Other element would receive the click: <div class="modal-header">...</div>
  (Session info: chrome=99.0.4844.84)
Build info: version: '3.5.3', revision: 'a88d25fe6b', time: '2017-08-29T12:42:44.417Z'
System info: host: 'sqe-IdeaPad-5-15ITL05', ip: '127.0.1.1', os.name: 'Linux', os.arch: 'amd64', os.version: '5.13.0-40-generic', java.version: '11.0.15'
Driver info: org.openqa.selenium.chrome.ChromeDriver
Capabilities [{networkConnectionEnabled=false, chrome={chromedriverVersion=99.0.4844.51 (d537ec02474b5afe23684e7963d538896c63ac77-refs/branch-heads/4844@{#875}), userDataDir=/tmp/.com.google.Chrome.OvL37X}, timeouts={implicit=0, pageLoad=300000, script=30000}, pageLoadStrategy=normal, unhandledPromptBehavior=dismiss and notify, strictFileInteractability=false, platform=LINUX, proxy=Proxy(), goog:chromeOptions={debuggerAddress=localhost:34575}, webauthn:extension:credBlob=true, acceptInsecureCerts=false, browserVersion=99.0.4844.84, browserName=chrome, javascriptEnabled=true, platformName=LINUX, setWindowRect=true, webauthn:extension:largeBlob=true, webauthn:virtualAuthenticators=true}]
Session ID: d0efc9a852ce5b3eccdbd74ceacdc801
at java.base/jdk.internal.reflect.NativeConstructorAccessorImpl.newInstance0(Native Method)
at java.base/jdk.internal.reflect.NativeConstructorAccessorImpl.newInstance(NativeConstructorAccessorImpl.java:62)
at java.base/jdk.internal.reflect.DelegatingConstructorAccessorImpl.newInstance(DelegatingConstructorAccessorImpl.java:45)
at java.base/java.lang.reflect.Constructor.newInstance(Constructor.java:490)
at org.openqa.selenium.remote.http.W3CHttpResponseCodec.createException(W3CHttpResponseCodec.java:185)
at org.openqa.selenium.remote.http.W3CHttpResponseCodec.decode(W3CHttpResponseCodec.java:120)
at org.openqa.selenium.remote.http.W3CHttpResponseCodec.decode(W3CHttpResponseCodec.java:49)
at org.openqa.selenium.remote.HttpCommandExecutor.execute(HttpCommandExecutor.java:164)
at org.openqa.selenium.remote.service.DriverCommandExecutor.execute(DriverCommandExecutor.java:82)
at org.openqa.selenium.remote.RemoteWebDriver.execute(RemoteWebDriver.java:646)
at org.openqa.selenium.remote.RemoteWebElement.execute(RemoteWebElement.java:275)
at org.openqa.selenium.remote.RemoteWebElement.click(RemoteWebElement.java:82)
at CommonMethods.WebDriverWaits.ClickOnWE20(WebDriverWaits.java:52)
at TestCases.CCP.PreRequisite(CCP.java:156)
at java.base/jdk.internal.reflect.NativeMethodAccessorImpl.invoke0(Native Method)
at java.base/jdk.internal.reflect.NativeMethodAccessorImpl.invoke(NativeMethodAccessorImpl.java:62)
at java.base/jdk.internal.reflect.DelegatingMethodAccessorImpl.invoke(DelegatingMethodAccessorImpl.java:43)
at java.base/java.lang.reflect.Method.invoke(Method.java:566)
at org.testng.internal.invokers.MethodInvocationHelper.invokeMethod(MethodInvocationHelper.java:135)
at org.testng.internal.invokers.TestInvoker.invokeMethod(TestInvoker.java:673)
at org.testng.internal.invokers.TestInvoker.invokeTestMethod(TestInvoker.java:220)
at org.testng.internal.invokers.MethodRunner.runInSequence(MethodRunner.java:50)
at org.testng.internal.invokers.TestInvoker$MethodInvocationAgent.invoke(TestInvoker.java:945)
at org.testng.internal.invokers.TestInvoker.invokeTestMethods(TestInvoker.java:193)
at org.testng.internal.invokers.TestMethodWorker.invokeTestMethods(TestMethodWorker.java:146)
at org.testng.internal.invokers.TestMethodWorker.run(TestMethodWorker.java:128)
at java.base/java.util.ArrayList.forEach(ArrayList.java:1541)
at org.testng.TestRunner.privateRun(TestRunner.java:808)
at org.testng.TestRunner.run(TestRunner.java:603)
at org.testng.SuiteRunner.runTest(SuiteRunner.java:429)
at org.testng.SuiteRunner.runSequentially(SuiteRunner.java:423)
at org.testng.SuiteRunner.privateRun(SuiteRunner.java:383)
at org.testng.SuiteRunner.run(SuiteRunner.java:326)
at org.testng.SuiteRunnerWorker.runSuite(SuiteRunnerWorker.java:52)
at org.testng.SuiteRunnerWorker.run(SuiteRunnerWorker.java:95)
at org.testng.TestNG.runSuitesSequentially(TestNG.java:1249)
at org.testng.TestNG.runSuitesLocally(TestNG.java:1169)
at org.testng.TestNG.runSuites(TestNG.java:1092)
at org.testng.TestNG.run(TestNG.java:1060)
at org.apache.maven.surefire.testng.TestNGExecutor.run(TestNGExecutor.java:324)
at org.apache.maven.surefire.testng.TestNGXmlTestSuite.execute(TestNGXmlTestSuite.java:74)
at org.apache.maven.surefire.testng.TestNGProvider.invoke(TestNGProvider.java:123)
at org.apache.maven.surefire.booter.ForkedBooter.runSuitesInProcess(ForkedBooter.java:456)
at org.apache.maven.surefire.booter.ForkedBooter.execute(ForkedBooter.java:169)
at org.apache.maven.surefire.booter.ForkedBooter.run(ForkedBooter.java:595)
at org.apache.maven.surefire.booter.ForkedBooter.main(ForkedBooter.java:581)
]]>
    </error>
  </testcase> <!-- PreRequisite -->
  <system-out/>
  <testcase classname="TestCases.CCP" name="TC_CCP_01" time="2.214"/>
  <system-out/>
  <testcase classname="TestCases.CCP" name="TC_CCP_02" time="0.028"/>
  <system-out/>
  <testcase classname="TestCases.CCP" name="TC_CCP_03" time="4.296"/>
  <system-out/>
  <testcase classname="TestCases.CCP" name="TC_CCP_04" time="4.957"/>
  <system-out/>
  <testcase classname="TestCases.CCP" name="TC_CCP_06" time="3.216"/>
  <system-out/>
  <testcase classname="TestCases.CCP" name="TC_CCP_07" time="2.124"/>
  <system-out/>
  <testcase classname="TestCases.CCP" name="TC_CCP_08" time="0.282"/>
  <system-out/>
  <testcase classname="TestCases.CCP" name="TC_CCP_09" time="1.569"/>
  <system-out/>
  <testcase classname="TestCases.CCP" name="TC_CCP_10" time="2.562"/>
  <system-out/>
  <testcase classname="TestCases.CCP" name="TC_CCP_11" time="3.230"/>
  <system-out/>
  <testcase classname="TestCases.CCP" name="TC_CCP_12" time="1.297"/>
  <system-out/>
  <testcase classname="TestCases.CCP" name="TC_CCP_13" time="2.333"/>
  <system-out/>
  <testcase classname="TestCases.CCP" name="TC_CCP_14" time="2.144"/>
  <system-out/>
  <testcase classname="TestCases.CCP" name="TC_CCP_15" time="2.269"/>
  <system-out/>
  <testcase classname="TestCases.CCP" name="TC_CCP_16" time="0.166"/>
  <system-out/>
  <testcase classname="TestCases.CCP" name="TC_CCP_17" time="1.039"/>
  <system-out/>
  <testcase classname="TestCases.CCP" name="TC_CCP_18" time="0.093"/>
  <system-out/>
  <testcase classname="TestCases.CCP" name="TC_CCP_19" time="0.147"/>
  <system-out/>
  <testcase classname="TestCases.CCP" name="TC_CCP_20" time="0.115"/>
  <system-out/>
  <testcase classname="TestCases.CCP" name="TC_CCP_21" time="0.325"/>
  <system-out/>
  <testcase classname="TestCases.CCP" name="TC_CCP_22" time="0.291"/>
  <system-out/>
  <testcase classname="TestCases.CCP" name="TC_CCP_23" time="0.217"/>
  <system-out/>
  <testcase classname="TestCases.CCP" name="TC_CCP_24" time="0.224"/>
  <system-out/>
  <testcase classname="TestCases.CCP" name="TC_CCP_25" time="0.414"/>
  <system-out/>
  <testcase classname="TestCases.CCP" name="TC_CCP_26" time="2.589"/>
  <system-out/>
  <testcase classname="TestCases.CCP" name="TC_CCP_27" time="0.027"/>
  <system-out/>
  <testcase classname="TestCases.CCP" name="TC_CCP_28" time="0.162"/>
  <system-out/>
  <testcase classname="TestCases.CCP" name="TC_CCP_29" time="5.133"/>
  <system-out/>
  <testcase classname="TestCases.CCP" name="TC_CCP_30" time="6.500"/>
  <system-out/>
  <testcase classname="TestCases.CCP" name="TC_CCP_31" time="5.151"/>
  <system-out/>
  <testcase classname="TestCases.CCP" name="TC_CCP_32" time="1.196"/>
  <system-out/>
  <testcase classname="TestCases.CCP" name="TC_CCP_34" time="2.056"/>
  <system-out/>
  <testcase classname="TestCases.CCP" name="TC_CCP_35" time="4.179"/>
  <system-out/>
  <testcase classname="TestCases.CCP" name="TC_CCP_36" time="2.103"/>
  <system-out/>
  <testcase classname="TestCases.CCP" name="TC_CCP_37" time="2.905"/>
  <system-out/>
  <testcase classname="TestCases.CCP" name="TC_CCP_38" time="0.102"/>
  <system-out/>
  <testcase classname="TestCases.CCP" name="TC_CCP_39" time="2.118"/>
  <system-out/>
  <testcase classname="TestCases.CCP" name="TC_CCP_40" time="12.725"/>
  <system-out/>
  <testcase classname="TestCases.CCP" name="TC_CCP_42" time="1.825"/>
  <system-out/>
  <testcase classname="TestCases.CCP" name="TC_CCP_43" time="1.226"/>
  <system-out/>
  <testcase classname="TestCases.CCP" name="TC_CCP_44" time="1.040"/>
  <system-out/>
  <testcase classname="TestCases.CCP" name="TC_CCP_45" time="0.017"/>
  <system-out/>
  <testcase classname="TestCases.CCP" name="TC_CCP_46" time="0.161"/>
  <system-out/>
  <testcase classname="TestCases.CCP" name="TC_CCP_47" time="3.227"/>
  <system-out/>
  <testcase classname="TestCases.CCP" name="TC_CCP_48" time="2.296"/>
  <system-out/>
  <testcase classname="TestCases.CCP" name="TC_CCP_49" time="5.082"/>
  <system-out/>
  <testcase classname="TestCases.CCP" name="TC_CCP_50" time="3.089"/>
  <system-out/>
  <testcase classname="TestCases.CCP" name="TC_CCP_51" time="0.671"/>
  <system-out/>
  <testcase classname="TestCases.CCP" name="TC_CCP_52" time="5.581"/>
  <system-out/>
  <testcase classname="TestCases.CCP" name="TC_CCP_53" time="1.172"/>
  <system-out/>
  <testcase classname="TestCases.CCP" name="TC_CCP_54" time="0.481"/>
  <system-out/>
  <testcase classname="TestCases.CCP" name="TC_CCP_55" time="3.598"/>
  <system-out/>
  <testcase classname="TestCases.CCP" name="TC_CCP_56" time="2.042"/>
  <system-out/>
  <testcase classname="TestCases.CCP" name="TC_CCP_57" time="0.192"/>
  <system-out/>
  <testcase classname="TestCases.CCP" name="TC_CCP_58" time="0.025"/>
  <system-out/>
  <testcase classname="TestCases.CCP" name="TC_CCP_59" time="2.128"/>
  <system-out/>
  <testcase classname="TestCases.CCP" name="TC_CCP_60" time="0.026"/>
  <system-out/>
  <testcase classname="TestCases.CCP" name="TC_CCP_61" time="2.650"/>
  <system-out/>
</testsuite> <!-- TestCases.CCP -->
